<?xml version="1.0" encoding="UTF-8"?>
<!-- Generated by org.testng.reporters.JUnitReportReporter -->
<testsuite hostname="DESKTOP-J74S4GP" failures="0" tests="12" name="runners.TestRunner" time="14.361" errors="0" timestamp="2021-09-24T17:50:56 PST" skipped="0">
  <testcase classname="runners.TestRunner" name="runScenario" time="7.877"/>
  <system-out/>
  <testcase classname="runners.TestRunner" name="runScenario" time="0.664"/>
  <system-out/>
  <testcase classname="runners.TestRunner" name="runScenario" time="0.308"/>
  <system-out/>
  <testcase classname="runners.TestRunner" name="runScenario" time="0.644"/>
  <system-out/>
  <testcase classname="runners.TestRunner" name="runScenario" time="0.666"/>
  <system-out/>
  <testcase classname="runners.TestRunner" name="runScenario" time="0.674"/>
  <system-out/>
  <testcase classname="runners.TestRunner" name="runScenario" time="0.773"/>
  <system-out/>
  <testcase classname="runners.TestRunner" name="runScenario" time="0.737"/>
  <system-out/>
  <testcase classname="runners.TestRunner" name="runScenario" time="0.694"/>
  <system-out/>
  <testcase classname="runners.TestRunner" name="runScenario" time="0.342"/>
  <system-out/>
  <testcase classname="runners.TestRunner" name="runScenario" time="0.663"/>
  <system-out/>
  <testcase classname="runners.TestRunner" name="runScenario" time="0.319"/>
  <system-out/>
</testsuite> <!-- runners.TestRunner -->
